<?xml version="1.0" encoding="UTF-8"?>
<!-- Generated by org.testng.reporters.JUnitXMLReporter -->
<testsuite ignored="0" hostname="LAPTOP-1SEIR2JB" failures="1" tests="18" name="Test" time="0.429" errors="0" timestamp="02 Jun 2024 17:46:07 GMT">
  <testcase classname="com.tutorialsNinja.TestCases.SearchProductTest" name="@BeforeMethod loginSetup" time="0.004">
    <failure type="java.lang.NullPointerException" message="Cannot invoke &amp;quot;String.equals(Object)&amp;quot; because &amp;quot;browserName&amp;quot; is null">
      <![CDATA[java.lang.NullPointerException: Cannot invoke "String.equals(Object)" because "browserName" is null
	at com.tutorialsNinja.TestBase.TestBase.initalizeBrowserAndOpenApplication(TestBase.java:36)
	at com.tutorialsNinja.TestCases.SearchProductTest.loginSetup(SearchProductTest.java:27)
... Removed 27 stack frames]]>
    </failure>
  </testcase> <!-- @BeforeMethod loginSetup -->
  <testcase classname="com.tutorialsNinja.TestCases.AddToCartTest" name="@BeforeClass loginSetup" time="0.073">
    <failure type="org.openqa.selenium.remote.NoSuchDriverException" message="Unable to obtain: chromedriver, error chromedriver must exist: C:\src\test\java\com\tutorialsNinja\TestCases\AddToCartTest.java
For documentation on this error, please visit: https://www.selenium.dev/documentation/webdriver/troubleshooting/errors/driver_location/
Build info: version: &amp;apos;4.21.0&amp;apos;, revision: &amp;apos;79ed462ef4&amp;apos;
System info: os.name: &amp;apos;Windows 11&amp;apos;, os.arch: &amp;apos;amd64&amp;apos;, os.version: &amp;apos;10.0&amp;apos;, java.version: &amp;apos;17.0.9&amp;apos;
Driver info: driver.version: ChromeDriver">
      <![CDATA[org.openqa.selenium.remote.NoSuchDriverException: Unable to obtain: chromedriver, error chromedriver must exist: C:\src\test\java\com\tutorialsNinja\TestCases\AddToCartTest.java
For documentation on this error, please visit: https://www.selenium.dev/documentation/webdriver/troubleshooting/errors/driver_location/
Build info: version: '4.21.0', revision: '79ed462ef4'
System info: os.name: 'Windows 11', os.arch: 'amd64', os.version: '10.0', java.version: '17.0.9'
Driver info: driver.version: ChromeDriver
	at org.openqa.selenium.remote.service.DriverFinder.getBinaryPaths(DriverFinder.java:121)
	at org.openqa.selenium.remote.service.DriverFinder.getDriverPath(DriverFinder.java:55)
	at org.openqa.selenium.chrome.ChromeDriver.generateExecutor(ChromeDriver.java:99)
	at org.openqa.selenium.chrome.ChromeDriver.<init>(ChromeDriver.java:88)
	at org.openqa.selenium.chrome.ChromeDriver.<init>(ChromeDriver.java:83)
	at org.openqa.selenium.chrome.ChromeDriver.<init>(ChromeDriver.java:51)
	at com.tutorialsNinja.TestCases.AddToCartTest.loginSetup(AddToCartTest.java:19)
Caused by: java.lang.IllegalStateException: chromedriver must exist: C:\src\test\java\com\tutorialsNinja\TestCases\AddToCartTest.java
	at org.openqa.selenium.internal.Require$FileStateChecker.isFile(Require.java:346)
	at org.openqa.selenium.internal.Require$FileStateChecker.isExecutable(Require.java:368)
	at org.openqa.selenium.remote.service.DriverFinder.getBinaryPaths(DriverFinder.java:118)
	... 31 more
... Removed 25 stack frames]]>
    </failure>
  </testcase> <!-- @BeforeClass loginSetup -->
  <testcase classname="com.tutorialsNinja.TestCases.RegisterTest" name="@BeforeMethod registerSetup" time="0.004">
    <failure type="org.openqa.selenium.remote.NoSuchDriverException" message="Unable to obtain: chromedriver, error chromedriver must exist: C:\src\test\java\com\tutorialsNinja\TestCases\AddToCartTest.java
For documentation on this error, please visit: https://www.selenium.dev/documentation/webdriver/troubleshooting/errors/driver_location/
Build info: version: &amp;apos;4.21.0&amp;apos;, revision: &amp;apos;79ed462ef4&amp;apos;
System info: os.name: &amp;apos;Windows 11&amp;apos;, os.arch: &amp;apos;amd64&amp;apos;, os.version: &amp;apos;10.0&amp;apos;, java.version: &amp;apos;17.0.9&amp;apos;
Driver info: driver.version: ChromeDriver">
      <![CDATA[org.openqa.selenium.remote.NoSuchDriverException: Unable to obtain: chromedriver, error chromedriver must exist: C:\src\test\java\com\tutorialsNinja\TestCases\AddToCartTest.java
For documentation on this error, please visit: https://www.selenium.dev/documentation/webdriver/troubleshooting/errors/driver_location/
Build info: version: '4.21.0', revision: '79ed462ef4'
System info: os.name: 'Windows 11', os.arch: 'amd64', os.version: '10.0', java.version: '17.0.9'
Driver info: driver.version: ChromeDriver
	at org.openqa.selenium.remote.service.DriverFinder.getBinaryPaths(DriverFinder.java:121)
	at org.openqa.selenium.remote.service.DriverFinder.getDriverPath(DriverFinder.java:55)
	at org.openqa.selenium.chrome.ChromeDriver.generateExecutor(ChromeDriver.java:99)
	at org.openqa.selenium.chrome.ChromeDriver.<init>(ChromeDriver.java:88)
	at org.openqa.selenium.chrome.ChromeDriver.<init>(ChromeDriver.java:83)
	at org.openqa.selenium.chrome.ChromeDriver.<init>(ChromeDriver.java:72)
	at com.tutorialsNinja.TestBase.TestBase.initalizeBrowserAndOpenApplication(TestBase.java:42)
	at com.tutorialsNinja.TestCases.RegisterTest.registerSetup(RegisterTest.java:27)
Caused by: java.lang.IllegalStateException: chromedriver must exist: C:\src\test\java\com\tutorialsNinja\TestCases\AddToCartTest.java
	at org.openqa.selenium.internal.Require$FileStateChecker.isFile(Require.java:346)
	at org.openqa.selenium.internal.Require$FileStateChecker.isExecutable(Require.java:368)
	at org.openqa.selenium.remote.service.DriverFinder.getBinaryPaths(DriverFinder.java:118)
	... 34 more
... Removed 27 stack frames]]>
    </failure>
  </testcase> <!-- @BeforeMethod registerSetup -->
  <testcase classname="com.tutorialsNinja.TestCases.LoginTest" name="@BeforeMethod loginSetup" time="0.001">
    <failure type="org.openqa.selenium.remote.NoSuchDriverException" message="Unable to obtain: chromedriver, error chromedriver must exist: C:\src\test\java\com\tutorialsNinja\TestCases\AddToCartTest.java
For documentation on this error, please visit: https://www.selenium.dev/documentation/webdriver/troubleshooting/errors/driver_location/
Build info: version: &amp;apos;4.21.0&amp;apos;, revision: &amp;apos;79ed462ef4&amp;apos;
System info: os.name: &amp;apos;Windows 11&amp;apos;, os.arch: &amp;apos;amd64&amp;apos;, os.version: &amp;apos;10.0&amp;apos;, java.version: &amp;apos;17.0.9&amp;apos;
Driver info: driver.version: ChromeDriver">
      <![CDATA[org.openqa.selenium.remote.NoSuchDriverException: Unable to obtain: chromedriver, error chromedriver must exist: C:\src\test\java\com\tutorialsNinja\TestCases\AddToCartTest.java
For documentation on this error, please visit: https://www.selenium.dev/documentation/webdriver/troubleshooting/errors/driver_location/
Build info: version: '4.21.0', revision: '79ed462ef4'
System info: os.name: 'Windows 11', os.arch: 'amd64', os.version: '10.0', java.version: '17.0.9'
Driver info: driver.version: ChromeDriver
	at org.openqa.selenium.remote.service.DriverFinder.getBinaryPaths(DriverFinder.java:121)
	at org.openqa.selenium.remote.service.DriverFinder.getDriverPath(DriverFinder.java:55)
	at org.openqa.selenium.chrome.ChromeDriver.generateExecutor(ChromeDriver.java:99)
	at org.openqa.selenium.chrome.ChromeDriver.<init>(ChromeDriver.java:88)
	at org.openqa.selenium.chrome.ChromeDriver.<init>(ChromeDriver.java:83)
	at org.openqa.selenium.chrome.ChromeDriver.<init>(ChromeDriver.java:72)
	at com.tutorialsNinja.TestBase.TestBase.initalizeBrowserAndOpenApplication(TestBase.java:42)
	at com.tutorialsNinja.TestCases.LoginTest.loginSetup(LoginTest.java:25)
Caused by: java.lang.IllegalStateException: chromedriver must exist: C:\src\test\java\com\tutorialsNinja\TestCases\AddToCartTest.java
	at org.openqa.selenium.internal.Require$FileStateChecker.isFile(Require.java:346)
	at org.openqa.selenium.internal.Require$FileStateChecker.isExecutable(Require.java:368)
	at org.openqa.selenium.remote.service.DriverFinder.getBinaryPaths(DriverFinder.java:118)
	... 34 more
... Removed 27 stack frames]]>
    </failure>
  </testcase> <!-- @BeforeMethod loginSetup -->
  <testcase classname="com.tutorialsNinja.TestCases.SearchProductTest" name="@BeforeMethod loginSetup" time="0.0">
    <skipped/>
  </testcase> <!-- @BeforeMethod loginSetup -->
  <testcase classname="com.tutorialsNinja.TestCases.CheckoutTest" name="@BeforeMethod registerSetup" time="0.0">
    <failure type="java.lang.NullPointerException" message="Cannot invoke &amp;quot;org.openqa.selenium.WebDriver.get(String)&amp;quot; because &amp;quot;this.driver&amp;quot; is null">
      <![CDATA[java.lang.NullPointerException: Cannot invoke "org.openqa.selenium.WebDriver.get(String)" because "this.driver" is null
	at com.tutorialsNinja.TestCases.CheckoutTest.registerSetup(CheckoutTest.java:31)
... Removed 27 stack frames]]>
    </failure>
  </testcase> <!-- @BeforeMethod registerSetup -->
  <testcase classname="com.tutorialsNinja.TestCases.RegisterTest" name="@BeforeMethod registerSetup" time="0.0">
    <skipped/>
  </testcase> <!-- @BeforeMethod registerSetup -->
  <testcase classname="com.tutorialsNinja.TestCases.LoginTest" name="@BeforeMethod loginSetup" time="0.0">
    <skipped/>
  </testcase> <!-- @BeforeMethod loginSetup -->
  <testcase classname="com.tutorialsNinja.TestCases.SearchProductTest" name="@BeforeMethod loginSetup" time="0.0">
    <skipped/>
  </testcase> <!-- @BeforeMethod loginSetup -->
  <testcase classname="com.tutorialsNinja.TestCases.AddToCartTest" name="@AfterClass tearDown" time="0.0">
    <skipped/>
  </testcase> <!-- @AfterClass tearDown -->
  <testcase classname="com.tutorialsNinja.TestCases.RegisterTest" name="@BeforeMethod registerSetup" time="0.0">
    <skipped/>
  </testcase> <!-- @BeforeMethod registerSetup -->
  <testcase classname="com.tutorialsNinja.TestCases.LoginTest" name="@BeforeMethod loginSetup" time="0.0">
    <skipped/>
  </testcase> <!-- @BeforeMethod loginSetup -->
  <testcase classname="com.tutorialsNinja.TestCases.RegisterTest" name="@BeforeMethod registerSetup" time="0.0">
    <skipped/>
  </testcase> <!-- @BeforeMethod registerSetup -->
  <testcase classname="com.tutorialsNinja.TestCases.LoginTest" name="@BeforeMethod loginSetup" time="0.0">
    <skipped/>
  </testcase> <!-- @BeforeMethod loginSetup -->
  <testcase classname="com.tutorialsNinja.TestCases.RegisterTest" name="verifyRegisterWithMandatoryDetails" time="0.0">
    <skipped/>
  </testcase> <!-- verifyRegisterWithMandatoryDetails -->
  <testcase classname="com.tutorialsNinja.TestCases.LoginTest" name="verifyLoginWithValidCredentials" time="0.0">
    <skipped/>
  </testcase> <!-- verifyLoginWithValidCredentials -->
  <testcase classname="com.tutorialsNinja.TestCases.SearchProductTest" name="verifySearchValidProduct" time="0.0">
    <skipped/>
  </testcase> <!-- verifySearchValidProduct -->
  <testcase classname="com.tutorialsNinja.TestCases.AddToCartTest" name="addASingleItemToCart" time="0.0">
    <skipped/>
  </testcase> <!-- addASingleItemToCart -->
  <testcase classname="com.tutorialsNinja.TestCases.CheckoutTest" name="verifyCheckoutWithDetails" time="0.0">
    <failure type="org.testng.TestNGException" message="
Method public void com.tutorialsNinja.TestCases.CheckoutTest.verifyCheckoutWithDetails(java.lang.String,java.lang.String,java.lang.String,java.lang.String,java.lang.String,java.lang.String,java.lang.String) requires a @DataProvider named : TNCheckout in class com.tutorialsNinja.TestData.ExcelCode">
      <![CDATA[org.testng.TestNGException: 
Method public void com.tutorialsNinja.TestCases.CheckoutTest.verifyCheckoutWithDetails(java.lang.String,java.lang.String,java.lang.String,java.lang.String,java.lang.String,java.lang.String,java.lang.String) requires a @DataProvider named : TNCheckout in class com.tutorialsNinja.TestData.ExcelCode
... Removed 22 stack frames]]>
    </failure>
  </testcase> <!-- verifyCheckoutWithDetails -->
  <testcase classname="com.tutorialsNinja.TestCases.RegisterTest" name="verifyRegisterWithAllDetails" time="0.0">
    <skipped/>
  </testcase> <!-- verifyRegisterWithAllDetails -->
  <testcase classname="com.tutorialsNinja.TestCases.LoginTest" name="verifyLoginWithValidEmailInvalidPassword" time="0.0">
    <skipped/>
  </testcase> <!-- verifyLoginWithValidEmailInvalidPassword -->
  <testcase classname="com.tutorialsNinja.TestCases.SearchProductTest" name="verifySearchInvalidProduct" time="0.0">
    <skipped/>
  </testcase> <!-- verifySearchInvalidProduct -->
  <testcase classname="com.tutorialsNinja.TestCases.AddToCartTest" name="addMultipleItemsToCart" time="0.0">
    <skipped/>
  </testcase> <!-- addMultipleItemsToCart -->
  <testcase classname="com.tutorialsNinja.TestCases.CheckoutTest" name="verifycheckoutWithNoDetails" time="0.0">
    <skipped/>
  </testcase> <!-- verifycheckoutWithNoDetails -->
  <testcase classname="com.tutorialsNinja.TestCases.RegisterTest" name="verifyRegisterWithExistingEmail" time="0.0">
    <skipped/>
  </testcase> <!-- verifyRegisterWithExistingEmail -->
  <testcase classname="com.tutorialsNinja.TestCases.LoginTest" name="verifyLoginWithInvalidEmailValidPassword" time="0.0">
    <skipped/>
  </testcase> <!-- verifyLoginWithInvalidEmailValidPassword -->
  <testcase classname="com.tutorialsNinja.TestCases.SearchProductTest" name="verifySearchNoProduct" time="0.0">
    <skipped/>
  </testcase> <!-- verifySearchNoProduct -->
  <testcase classname="com.tutorialsNinja.TestCases.AddToCartTest" name="removeTheItemFromTheCart" time="0.0">
    <skipped/>
  </testcase> <!-- removeTheItemFromTheCart -->
  <testcase classname="com.tutorialsNinja.TestCases.RegisterTest" name="verifyRegisterWithWrongConfirmPassword" time="0.0">
    <skipped/>
  </testcase> <!-- verifyRegisterWithWrongConfirmPassword -->
  <testcase classname="com.tutorialsNinja.TestCases.LoginTest" name="verifyLoginWithInvalidCredentials" time="0.0">
    <skipped/>
  </testcase> <!-- verifyLoginWithInvalidCredentials -->
  <testcase classname="com.tutorialsNinja.TestCases.RegisterTest" name="verifyRegisterWithNoDetails" time="0.0">
    <skipped/>
  </testcase> <!-- verifyRegisterWithNoDetails -->
  <testcase classname="com.tutorialsNinja.TestCases.LoginTest" name="verifyLoginWithNoCredentials" time="0.0">
    <skipped/>
  </testcase> <!-- verifyLoginWithNoCredentials -->
</testsuite> <!-- Test -->
